#
# There is insufficient memory for the Java Runtime Environment to continue.
# Native memory allocation (malloc) failed to allocate 1070416 bytes for Chunk::new
# Possible reasons:
#   The system is out of physical RAM or swap space
#   The process is running with CompressedOops enabled, and the Java Heap may be blocking the growth of the native heap
# Possible solutions:
#   Reduce memory load on the system
#   Increase physical memory or swap space
#   Check if swap backing store is full
#   Decrease Java heap size (-Xmx/-Xms)
#   Decrease number of Java threads
#   Decrease Java thread stack sizes (-Xss)
#   Set larger code cache with -XX:ReservedCodeCacheSize=
#   JVM is running with Unscaled Compressed Oops mode in which the Java heap is
#     placed in the first 4GB address space. The Java Heap base address is the
#     maximum limit for the native heap growth. Please use -XX:HeapBaseMinAddress
#     to set the Java Heap base and to place the Java Heap above 4GB virtual address.
# This output file may be truncated or incomplete.
#
#  Out of Memory Error (arena.cpp:191), pid=28688, tid=15372
#
# JRE version: OpenJDK Runtime Environment (17.0.9) (build 17.0.9+0--11185874)
# Java VM: OpenJDK 64-Bit Server VM (17.0.9+0--11185874, mixed mode, tiered, compressed oops, compressed class ptrs, g1 gc, windows-amd64)
# No core dump will be written. Minidumps are not enabled by default on client versions of Windows
#

---------------  S U M M A R Y ------------

Command Line: --add-opens=java.base/java.util=ALL-UNNAMED --add-opens=java.base/java.lang=ALL-UNNAMED --add-opens=java.base/java.lang.invoke=ALL-UNNAMED --add-opens=java.prefs/java.util.prefs=ALL-UNNAMED --add-opens=java.base/java.nio.charset=ALL-UNNAMED --add-opens=java.base/java.net=ALL-UNNAMED --add-opens=java.base/java.util.concurrent.atomic=ALL-UNNAMED -Xmx2048m -Dfile.encoding=UTF-8 -Duser.country=US -Duser.language=en -Duser.variant -javaagent:C:\Users\Max Dev\.gradle\wrapper\dists\gradle-8.4-bin\1w5dpkrfk8irigvoxmyhowfim\gradle-8.4\lib\agents\gradle-instrumentation-agent-8.4.jar org.gradle.launcher.daemon.bootstrap.GradleDaemon 8.4

Host: Intel(R) Core(TM) i7-9700 CPU @ 3.00GHz, 8 cores, 15G,  Windows 10 , 64 bit Build 19041 (10.0.19041.4717)
Time: Mon Aug 19 18:22:56 2024 Russia TZ 9 Standard Time elapsed time: 3.601999 seconds (0d 0h 0m 3s)

---------------  T H R E A D  ---------------

Current thread (0x0000016d49b223a0):  JavaThread "C2 CompilerThread0" daemon [_thread_in_native, id=15372, stack(0x000000334ff00000,0x0000003350000000)]


Current CompileTask:
C2:   3602 3464       4       jdk.internal.jimage.ImageLocation::getFullName (109 bytes)

Stack: [0x000000334ff00000,0x0000003350000000]
Native frames: (J=compiled Java code, j=interpreted, Vv=VM code, C=native code)
V  [jvm.dll+0x6886e9]
V  [jvm.dll+0x841e4a]
V  [jvm.dll+0x843a8e]
V  [jvm.dll+0x8440f3]
V  [jvm.dll+0x24c14f]
V  [jvm.dll+0xac44c]
V  [jvm.dll+0xaca9c]
V  [jvm.dll+0x36c1a2]
V  [jvm.dll+0x33651a]
V  [jvm.dll+0x3359ba]
V  [jvm.dll+0x21ddb1]
V  [jvm.dll+0x21d1d1]
V  [jvm.dll+0x1a674d]
V  [jvm.dll+0x22d088]
V  [jvm.dll+0x22b1c0]
V  [jvm.dll+0x7f62f7]
V  [jvm.dll+0x7f06aa]
V  [jvm.dll+0x687565]
C  [ucrtbase.dll+0x21bb2]
C  [KERNEL32.DLL+0x17374]
C  [ntdll.dll+0x4cc91]


---------------  P R O C E S S  ---------------

Threads class SMR info:
_java_thread_list=0x0000016d5158ead0, length=35, elements={
0x0000016d2db174a0, 0x0000016d4996e9e0, 0x0000016d49ad9980, 0x0000016d49b113b0,
0x0000016d49b1d220, 0x0000016d49b1e300, 0x0000016d49b1efe0, 0x0000016d49b223a0,
0x0000016d49b24e00, 0x0000016d49b33de0, 0x0000016d499394c0, 0x0000016d49db0090,
0x0000016d49e46820, 0x0000016d50002ae0, 0x0000016d509d7970, 0x0000016d50486490,
0x0000016d50587210, 0x0000016d50588410, 0x0000016d5109e970, 0x0000016d50623380,
0x0000016d50cc2a50, 0x0000016d4eaa91d0, 0x0000016d4eaa6e60, 0x0000016d4eaa87b0,
0x0000016d4eaa9bf0, 0x0000016d4eaa96e0, 0x0000016d4eaa7d90, 0x0000016d4eaaa610,
0x0000016d4eaa7880, 0x0000016d51a6a7b0, 0x0000016d51a6d030, 0x0000016d51a6bbf0,
0x0000016d51a6c100, 0x0000016d51a6acc0, 0x0000016d51646dd0
}

Java Threads: ( => current thread )
  0x0000016d2db174a0 JavaThread "main" [_thread_blocked, id=28132, stack(0x000000334f200000,0x000000334f300000)]
  0x0000016d4996e9e0 JavaThread "Reference Handler" daemon [_thread_blocked, id=14868, stack(0x000000334f900000,0x000000334fa00000)]
  0x0000016d49ad9980 JavaThread "Finalizer" daemon [_thread_blocked, id=28520, stack(0x000000334fa00000,0x000000334fb00000)]
  0x0000016d49b113b0 JavaThread "Signal Dispatcher" daemon [_thread_blocked, id=24300, stack(0x000000334fb00000,0x000000334fc00000)]
  0x0000016d49b1d220 JavaThread "Attach Listener" daemon [_thread_blocked, id=30960, stack(0x000000334fc00000,0x000000334fd00000)]
  0x0000016d49b1e300 JavaThread "Service Thread" daemon [_thread_blocked, id=22864, stack(0x000000334fd00000,0x000000334fe00000)]
  0x0000016d49b1efe0 JavaThread "Monitor Deflation Thread" daemon [_thread_blocked, id=15208, stack(0x000000334fe00000,0x000000334ff00000)]
=>0x0000016d49b223a0 JavaThread "C2 CompilerThread0" daemon [_thread_in_native, id=15372, stack(0x000000334ff00000,0x0000003350000000)]
  0x0000016d49b24e00 JavaThread "C1 CompilerThread0" daemon [_thread_blocked, id=24516, stack(0x0000003350000000,0x0000003350100000)]
  0x0000016d49b33de0 JavaThread "Sweeper thread" daemon [_thread_blocked, id=19816, stack(0x0000003350100000,0x0000003350200000)]
  0x0000016d499394c0 JavaThread "Common-Cleaner" daemon [_thread_blocked, id=9136, stack(0x0000003350200000,0x0000003350300000)]
  0x0000016d49db0090 JavaThread "Notification Thread" daemon [_thread_blocked, id=25668, stack(0x0000003350c00000,0x0000003350d00000)]
  0x0000016d49e46820 JavaThread "C2 CompilerThread1" daemon [_thread_in_native, id=18672, stack(0x0000003351200000,0x0000003351300000)]
  0x0000016d50002ae0 JavaThread "Daemon health stats" [_thread_blocked, id=27668, stack(0x0000003351840000,0x0000003351940000)]
  0x0000016d509d7970 JavaThread "Incoming local TCP Connector on port 58574" [_thread_in_native, id=29916, stack(0x0000003351940000,0x0000003351a40000)]
  0x0000016d50486490 JavaThread "Daemon periodic checks" [_thread_blocked, id=20684, stack(0x0000003351a40000,0x0000003351b40000)]
  0x0000016d50587210 JavaThread "Daemon" [_thread_blocked, id=8428, stack(0x0000003351b40000,0x0000003351c40000)]
  0x0000016d50588410 JavaThread "Handler for socket connection from /127.0.0.1:58574 to /127.0.0.1:58575" [_thread_in_native, id=20060, stack(0x0000003351c40000,0x0000003351d40000)]
  0x0000016d5109e970 JavaThread "Cancel handler" [_thread_blocked, id=26940, stack(0x0000003351d40000,0x0000003351e40000)]
  0x0000016d50623380 JavaThread "Daemon worker" [_thread_in_vm, id=27600, stack(0x0000003351e40000,0x0000003351f40000)]
  0x0000016d50cc2a50 JavaThread "Asynchronous log dispatcher for DefaultDaemonConnection: socket connection from /127.0.0.1:58574 to /127.0.0.1:58575" [_thread_blocked, id=29700, stack(0x0000003351f40000,0x0000003352040000)]
  0x0000016d4eaa91d0 JavaThread "Stdin handler" [_thread_blocked, id=22416, stack(0x0000003352040000,0x0000003352140000)]
  0x0000016d4eaa6e60 JavaThread "Daemon client event forwarder" [_thread_blocked, id=8160, stack(0x0000003352140000,0x0000003352240000)]
  0x0000016d4eaa87b0 JavaThread "Cache worker for journal cache (C:\Users\Max Dev\.gradle\caches\journal-1)" [_thread_blocked, id=2144, stack(0x0000003352540000,0x0000003352640000)]
  0x0000016d4eaa9bf0 JavaThread "File lock request listener" [_thread_in_native, id=10052, stack(0x0000003352640000,0x0000003352740000)]
  0x0000016d4eaa96e0 JavaThread "Cache worker for file hash cache (C:\Users\Max Dev\.gradle\caches\8.4\fileHashes)" [_thread_blocked, id=15000, stack(0x0000003350b00000,0x0000003350c00000)]
  0x0000016d4eaa7d90 JavaThread "File watcher server" daemon [_thread_in_native, id=2596, stack(0x0000003352740000,0x0000003352840000)]
  0x0000016d4eaaa610 JavaThread "File watcher consumer" daemon [_thread_blocked, id=24048, stack(0x0000003352840000,0x0000003352940000)]
  0x0000016d4eaa7880 JavaThread "Cache worker for checksums cache (D:\2.PMS\PMS_Client\.gradle\8.4\checksums)" [_thread_blocked, id=25120, stack(0x0000003352940000,0x0000003352a40000)]
  0x0000016d51a6a7b0 JavaThread "Cache worker for file hash cache (D:\2.PMS\PMS_Client\.gradle\8.4\fileHashes)" [_thread_blocked, id=23344, stack(0x0000003352a40000,0x0000003352b40000)]
  0x0000016d51a6d030 JavaThread "Cache worker for cache directory md-supplier (C:\Users\Max Dev\.gradle\caches\8.4\md-supplier)" [_thread_blocked, id=27728, stack(0x0000003352b40000,0x0000003352c40000)]
  0x0000016d51a6bbf0 JavaThread "Cache worker for file content cache (C:\Users\Max Dev\.gradle\caches\8.4\fileContent)" [_thread_blocked, id=30424, stack(0x0000003352c40000,0x0000003352d40000)]
  0x0000016d51a6c100 JavaThread "Cache worker for cache directory md-rule (C:\Users\Max Dev\.gradle\caches\8.4\md-rule)" [_thread_blocked, id=31264, stack(0x0000003352d40000,0x0000003352e40000)]
  0x0000016d51a6acc0 JavaThread "Cache worker for execution history cache (C:\Users\Max Dev\.gradle\caches\8.4\executionHistory)" [_thread_blocked, id=26968, stack(0x0000003352e40000,0x0000003352f40000)]
  0x0000016d51646dd0 JavaThread "C2 CompilerThread2" daemon [_thread_in_native, id=20692, stack(0x0000003353040000,0x0000003353140000)]

Other Threads:
  0x0000016d49953700 VMThread "VM Thread" [stack: 0x000000334f800000,0x000000334f900000] [id=13328]
  0x0000016d2db18370 WatcherThread [stack: 0x0000003351100000,0x0000003351200000] [id=28328]
  0x0000016d2db72680 GCTaskThread "GC Thread#0" [stack: 0x000000334f300000,0x000000334f400000] [id=14880]
  0x0000016d4f418850 GCTaskThread "GC Thread#1" [stack: 0x0000003351340000,0x0000003351440000] [id=23924]
  0x0000016d4f888a40 GCTaskThread "GC Thread#2" [stack: 0x0000003351440000,0x0000003351540000] [id=19200]
  0x0000016d4f556430 GCTaskThread "GC Thread#3" [stack: 0x0000003351540000,0x0000003351640000] [id=23308]
  0x0000016d4f5566f0 GCTaskThread "GC Thread#4" [stack: 0x0000003351640000,0x0000003351740000] [id=31404]
  0x0000016d4f5569b0 GCTaskThread "GC Thread#5" [stack: 0x0000003351740000,0x0000003351840000] [id=18540]
  0x0000016d50b5ebd0 GCTaskThread "GC Thread#6" [stack: 0x0000003352240000,0x0000003352340000] [id=12768]
  0x0000016d50b5ee90 GCTaskThread "GC Thread#7" [stack: 0x0000003352340000,0x0000003352440000] [id=25084]
  0x0000016d2db834e0 ConcurrentGCThread "G1 Main Marker" [stack: 0x000000334f400000,0x000000334f500000] [id=2948]
  0x0000016d2db84e20 ConcurrentGCThread "G1 Conc#0" [stack: 0x000000334f500000,0x000000334f600000] [id=24112]
  0x0000016d50b5fc50 ConcurrentGCThread "G1 Conc#1" [stack: 0x0000003352440000,0x0000003352540000] [id=25204]
  0x0000016d2dbcdd80 ConcurrentGCThread "G1 Refine#0" [stack: 0x000000334f600000,0x000000334f700000] [id=15612]
  0x0000016d5172cf30 ConcurrentGCThread "G1 Refine#1" [stack: 0x0000003352f40000,0x0000003353040000] [id=29212]
  0x0000016d2dbce5c0 ConcurrentGCThread "G1 Service" [stack: 0x000000334f700000,0x000000334f800000] [id=27596]

Threads with active compile tasks:
C2 CompilerThread0     3722 3464       4       jdk.internal.jimage.ImageLocation::getFullName (109 bytes)
C2 CompilerThread1     3722 3535 %     4       java.io.WinNTFileSystem::normalize @ 58 (224 bytes)
C2 CompilerThread2     3722 3520   !   4       java.security.AccessController::doPrivileged (26 bytes)

VM state: not at safepoint (normal execution)

VM Mutex/Monitor currently owned by a thread: None

Heap address: 0x0000000080000000, size: 2048 MB, Compressed Oops mode: 32-bit

CDS archive(s) not mapped
Compressed class space mapped at: 0x0000000100000000-0x0000000140000000, reserved size: 1073741824
Narrow klass base: 0x0000000000000000, Narrow klass shift: 3, Narrow klass range: 0x140000000

GC Precious Log:
 CPUs: 8 total, 8 available
 Memory: 16158M
 Large Page Support: Disabled
 NUMA Support: Disabled
 Compressed Oops: Enabled (32-bit)
 Heap Region Size: 1M
 Heap Min Capacity: 8M
 Heap Initial Capacity: 254M
 Heap Max Capacity: 2G
 Pre-touch: Disabled
 Parallel Workers: 8
 Concurrent Workers: 2
 Concurrent Refinement Workers: 8
 Periodic GC: Disabled

Heap:
 garbage-first heap   total 71680K, used 39192K [0x0000000080000000, 0x0000000100000000)
  region size 1024K, 15 young (15360K), 4 survivors (4096K)
 Metaspace       used 41583K, committed 41984K, reserved 1114112K
  class space    used 5519K, committed 5696K, reserved 1048576K

Heap Regions: E=young(eden), S=young(survivor), O=old, HS=humongous(starts), HC=humongous(continues), CS=collection set, F=free, OA=open archive, CA=closed archive, TAMS=top-at-mark-start (previous, next)
|   0|0x0000000080000000, 0x0000000080100000, 0x0000000080100000|100%|HS|  |TAMS 0x0000000080100000, 0x0000000080000000| Complete 
|   1|0x0000000080100000, 0x0000000080200000, 0x0000000080200000|100%|HC|  |TAMS 0x0000000080200000, 0x0000000080100000| Complete 
|   2|0x0000000080200000, 0x0000000080300000, 0x0000000080300000|100%|HC|  |TAMS 0x0000000080300000, 0x0000000080200000| Complete 
|   3|0x0000000080300000, 0x0000000080400000, 0x0000000080400000|100%|HC|  |TAMS 0x0000000080400000, 0x0000000080300000| Complete 
|   4|0x0000000080400000, 0x0000000080500000, 0x0000000080500000|100%| O|  |TAMS 0x0000000080500000, 0x0000000080400000| Untracked 
|   5|0x0000000080500000, 0x0000000080600000, 0x0000000080600000|100%| O|  |TAMS 0x0000000080600000, 0x0000000080500000| Untracked 
|   6|0x0000000080600000, 0x0000000080700000, 0x0000000080700000|100%| O|  |TAMS 0x0000000080700000, 0x0000000080600000| Untracked 
|   7|0x0000000080700000, 0x0000000080800000, 0x0000000080800000|100%| O|  |TAMS 0x0000000080800000, 0x0000000080700000| Untracked 
|   8|0x0000000080800000, 0x0000000080900000, 0x0000000080900000|100%| O|  |TAMS 0x0000000080900000, 0x0000000080800000| Untracked 
|   9|0x0000000080900000, 0x0000000080a00000, 0x0000000080a00000|100%| O|  |TAMS 0x0000000080a00000, 0x0000000080900000| Untracked 
|  10|0x0000000080a00000, 0x0000000080ac6a00, 0x0000000080b00000| 77%| O|  |TAMS 0x0000000080ac6a00, 0x0000000080a00000| Untracked 
|  11|0x0000000080b00000, 0x0000000080c00000, 0x0000000080c00000|100%| O|  |TAMS 0x0000000080c00000, 0x0000000080b00000| Untracked 
|  12|0x0000000080c00000, 0x0000000080d00000, 0x0000000080d00000|100%| O|  |TAMS 0x0000000080d00000, 0x0000000080c00000| Untracked 
|  13|0x0000000080d00000, 0x0000000080e00000, 0x0000000080e00000|100%| O|  |TAMS 0x0000000080e00000, 0x0000000080d00000| Untracked 
|  14|0x0000000080e00000, 0x0000000080f00000, 0x0000000080f00000|100%| O|  |TAMS 0x0000000080f00000, 0x0000000080e00000| Untracked 
|  15|0x0000000080f00000, 0x0000000081000000, 0x0000000081000000|100%| O|  |TAMS 0x0000000081000000, 0x0000000080f00000| Untracked 
|  16|0x0000000081000000, 0x0000000081100000, 0x0000000081100000|100%| O|  |TAMS 0x0000000081100000, 0x0000000081000000| Untracked 
|  17|0x0000000081100000, 0x0000000081200000, 0x0000000081200000|100%| O|  |TAMS 0x0000000081200000, 0x0000000081100000| Untracked 
|  18|0x0000000081200000, 0x0000000081300000, 0x0000000081300000|100%| O|  |TAMS 0x0000000081300000, 0x0000000081200000| Untracked 
|  19|0x0000000081300000, 0x0000000081400000, 0x0000000081400000|100%| O|  |TAMS 0x0000000081400000, 0x0000000081300000| Untracked 
|  20|0x0000000081400000, 0x0000000081500000, 0x0000000081500000|100%| O|  |TAMS 0x0000000081500000, 0x0000000081400000| Untracked 
|  21|0x0000000081500000, 0x0000000081600000, 0x0000000081600000|100%| O|  |TAMS 0x0000000081500000, 0x0000000081500000| Untracked 
|  22|0x0000000081600000, 0x0000000081700000, 0x0000000081700000|100%| O|  |TAMS 0x0000000081600000, 0x0000000081600000| Untracked 
|  23|0x0000000081700000, 0x0000000081800000, 0x0000000081800000|100%| O|  |TAMS 0x0000000081700000, 0x0000000081700000| Untracked 
|  24|0x0000000081800000, 0x000000008187f800, 0x0000000081900000| 49%| O|  |TAMS 0x0000000081800000, 0x0000000081800000| Untracked 
|  25|0x0000000081900000, 0x0000000081900000, 0x0000000081a00000|  0%| F|  |TAMS 0x0000000081900000, 0x0000000081900000| Untracked 
|  26|0x0000000081a00000, 0x0000000081a00000, 0x0000000081b00000|  0%| F|  |TAMS 0x0000000081a00000, 0x0000000081a00000| Untracked 
|  27|0x0000000081b00000, 0x0000000081b00000, 0x0000000081c00000|  0%| F|  |TAMS 0x0000000081b00000, 0x0000000081b00000| Untracked 
|  28|0x0000000081c00000, 0x0000000081c00000, 0x0000000081d00000|  0%| F|  |TAMS 0x0000000081c00000, 0x0000000081c00000| Untracked 
|  29|0x0000000081d00000, 0x0000000081d00000, 0x0000000081e00000|  0%| F|  |TAMS 0x0000000081d00000, 0x0000000081d00000| Untracked 
|  30|0x0000000081e00000, 0x0000000081e00000, 0x0000000081f00000|  0%| F|  |TAMS 0x0000000081e00000, 0x0000000081e00000| Untracked 
|  31|0x0000000081f00000, 0x0000000081f00000, 0x0000000082000000|  0%| F|  |TAMS 0x0000000081f00000, 0x0000000081f00000| Untracked 
|  32|0x0000000082000000, 0x0000000082000000, 0x0000000082100000|  0%| F|  |TAMS 0x0000000082000000, 0x0000000082000000| Untracked 
|  33|0x0000000082100000, 0x0000000082100000, 0x0000000082200000|  0%| F|  |TAMS 0x0000000082100000, 0x0000000082100000| Untracked 
|  34|0x0000000082200000, 0x0000000082300000, 0x0000000082300000|100%| S|CS|TAMS 0x0000000082200000, 0x0000000082200000| Complete 
|  35|0x0000000082300000, 0x0000000082400000, 0x0000000082400000|100%| S|CS|TAMS 0x0000000082300000, 0x0000000082300000| Complete 
|  36|0x0000000082400000, 0x0000000082500000, 0x0000000082500000|100%| S|CS|TAMS 0x0000000082400000, 0x0000000082400000| Complete 
|  37|0x0000000082500000, 0x0000000082600000, 0x0000000082600000|100%| S|CS|TAMS 0x0000000082500000, 0x0000000082500000| Complete 
|  38|0x0000000082600000, 0x0000000082600000, 0x0000000082700000|  0%| F|  |TAMS 0x0000000082600000, 0x0000000082600000| Untracked 
|  39|0x0000000082700000, 0x0000000082700000, 0x0000000082800000|  0%| F|  |TAMS 0x0000000082700000, 0x0000000082700000| Untracked 
|  40|0x0000000082800000, 0x0000000082800000, 0x0000000082900000|  0%| F|  |TAMS 0x0000000082800000, 0x0000000082800000| Untracked 
|  41|0x0000000082900000, 0x0000000082900000, 0x0000000082a00000|  0%| F|  |TAMS 0x0000000082900000, 0x0000000082900000| Untracked 
|  42|0x0000000082a00000, 0x0000000082a00000, 0x0000000082b00000|  0%| F|  |TAMS 0x0000000082a00000, 0x0000000082a00000| Untracked 
|  43|0x0000000082b00000, 0x0000000082b00000, 0x0000000082c00000|  0%| F|  |TAMS 0x0000000082b00000, 0x0000000082b00000| Untracked 
|  44|0x0000000082c00000, 0x0000000082c00000, 0x0000000082d00000|  0%| F|  |TAMS 0x0000000082c00000, 0x0000000082c00000| Untracked 
|  45|0x0000000082d00000, 0x0000000082d00000, 0x0000000082e00000|  0%| F|  |TAMS 0x0000000082d00000, 0x0000000082d00000| Untracked 
|  46|0x0000000082e00000, 0x0000000082e00000, 0x0000000082f00000|  0%| F|  |TAMS 0x0000000082e00000, 0x0000000082e00000| Untracked 
|  47|0x0000000082f00000, 0x0000000082f00000, 0x0000000083000000|  0%| F|  |TAMS 0x0000000082f00000, 0x0000000082f00000| Untracked 
|  48|0x0000000083000000, 0x0000000083000000, 0x0000000083100000|  0%| F|  |TAMS 0x0000000083000000, 0x0000000083000000| Untracked 
|  49|0x0000000083100000, 0x0000000083100000, 0x0000000083200000|  0%| F|  |TAMS 0x0000000083100000, 0x0000000083100000| Untracked 
|  50|0x0000000083200000, 0x0000000083200000, 0x0000000083300000|  0%| F|  |TAMS 0x0000000083200000, 0x0000000083200000| Untracked 
|  51|0x0000000083300000, 0x0000000083300000, 0x0000000083400000|  0%| F|  |TAMS 0x0000000083300000, 0x0000000083300000| Untracked 
|  52|0x0000000083400000, 0x0000000083400000, 0x0000000083500000|  0%| F|  |TAMS 0x0000000083400000, 0x0000000083400000| Untracked 
|  53|0x0000000083500000, 0x0000000083500000, 0x0000000083600000|  0%| F|  |TAMS 0x0000000083500000, 0x0000000083500000| Untracked 
|  54|0x0000000083600000, 0x0000000083600000, 0x0000000083700000|  0%| F|  |TAMS 0x0000000083600000, 0x0000000083600000| Untracked 
|  55|0x0000000083700000, 0x0000000083700000, 0x0000000083800000|  0%| F|  |TAMS 0x0000000083700000, 0x0000000083700000| Untracked 
|  56|0x0000000083800000, 0x0000000083800000, 0x0000000083900000|  0%| F|  |TAMS 0x0000000083800000, 0x0000000083800000| Untracked 
|  57|0x0000000083900000, 0x0000000083900000, 0x0000000083a00000|  0%| F|  |TAMS 0x0000000083900000, 0x0000000083900000| Untracked 
|  58|0x0000000083a00000, 0x0000000083a00000, 0x0000000083b00000|  0%| F|  |TAMS 0x0000000083a00000, 0x0000000083a00000| Untracked 
|  59|0x0000000083b00000, 0x0000000083c00000, 0x0000000083c00000|100%| E|  |TAMS 0x0000000083b00000, 0x0000000083b00000| Complete 
| 197|0x000000008c500000, 0x000000008c600000, 0x000000008c600000|100%| E|CS|TAMS 0x000000008c500000, 0x000000008c500000| Complete 
| 198|0x000000008c600000, 0x000000008c700000, 0x000000008c700000|100%| E|CS|TAMS 0x000000008c600000, 0x000000008c600000| Complete 
| 199|0x000000008c700000, 0x000000008c800000, 0x000000008c800000|100%| E|CS|TAMS 0x000000008c700000, 0x000000008c700000| Complete 
| 200|0x000000008c800000, 0x000000008c900000, 0x000000008c900000|100%| E|CS|TAMS 0x000000008c800000, 0x000000008c800000| Complete 
| 201|0x000000008c900000, 0x000000008ca00000, 0x000000008ca00000|100%| E|CS|TAMS 0x000000008c900000, 0x000000008c900000| Complete 
| 202|0x000000008ca00000, 0x000000008cb00000, 0x000000008cb00000|100%| E|CS|TAMS 0x000000008ca00000, 0x000000008ca00000| Complete 
| 203|0x000000008cb00000, 0x000000008cc00000, 0x000000008cc00000|100%| E|CS|TAMS 0x000000008cb00000, 0x000000008cb00000| Complete 
| 204|0x000000008cc00000, 0x000000008cd00000, 0x000000008cd00000|100%| E|CS|TAMS 0x000000008cc00000, 0x000000008cc00000| Complete 
| 205|0x000000008cd00000, 0x000000008ce00000, 0x000000008ce00000|100%| E|CS|TAMS 0x000000008cd00000, 0x000000008cd00000| Complete 
| 253|0x000000008fd00000, 0x000000008fe00000, 0x000000008fe00000|100%| E|CS|TAMS 0x000000008fd00000, 0x000000008fd00000| Complete 

Card table byte_map: [0x0000016d42660000,0x0000016d42a60000] _byte_map_base: 0x0000016d42260000

Marking Bits (Prev, Next): (CMBitMap*) 0x0000016d2db72bb0, (CMBitMap*) 0x0000016d2db72bf0
 Prev Bits: [0x0000016d42e60000, 0x0000016d44e60000)
 Next Bits: [0x0000016d44e60000, 0x0000016d46e60000)

Polling page: 0x0000016d2dbd0000

Metaspace:

Usage:
  Non-class:     35.23 MB used.
      Class:      5.39 MB used.
       Both:     40.62 MB used.

Virtual space:
  Non-class space:       64.00 MB reserved,      35.44 MB ( 55%) committed,  1 nodes.
      Class space:        1.00 GB reserved,       5.56 MB ( <1%) committed,  1 nodes.
             Both:        1.06 GB reserved,      41.00 MB (  4%) committed. 

Chunk freelists:
   Non-Class:  11.79 MB
       Class:  10.47 MB
        Both:  22.26 MB

MaxMetaspaceSize: unlimited
CompressedClassSpaceSize: 1.00 GB
Initial GC threshold: 21.00 MB
Current GC threshold: 58.75 MB
CDS: off
MetaspaceReclaimPolicy: balanced
 - commit_granule_bytes: 65536.
 - commit_granule_words: 8192.
 - virtual_space_node_default_size: 8388608.
 - enlarge_chunks_in_place: 1.
 - new_chunks_are_fully_committed: 0.
 - uncommit_free_chunks: 1.
 - use_allocation_guard: 0.
 - handle_deallocations: 1.


Internal statistics:

num_allocs_failed_limit: 6.
num_arena_births: 300.
num_arena_deaths: 0.
num_vsnodes_births: 2.
num_vsnodes_deaths: 0.
num_space_committed: 656.
num_space_uncommitted: 0.
num_chunks_returned_to_freelist: 6.
num_chunks_taken_from_freelist: 1420.
num_chunk_merges: 6.
num_chunk_splits: 971.
num_chunks_enlarged: 712.
num_inconsistent_stats: 0.

CodeHeap 'non-profiled nmethods': size=120000Kb used=1997Kb max_used=1997Kb free=118002Kb
 bounds [0x0000016d3a2c0000, 0x0000016d3a530000, 0x0000016d417f0000]
CodeHeap 'profiled nmethods': size=120000Kb used=7099Kb max_used=7099Kb free=112900Kb
 bounds [0x0000016d327f0000, 0x0000016d32ee0000, 0x0000016d39d20000]
CodeHeap 'non-nmethods': size=5760Kb used=1586Kb max_used=1702Kb free=4173Kb
 bounds [0x0000016d39d20000, 0x0000016d39f90000, 0x0000016d3a2c0000]
 total_blobs=4186 nmethods=3532 adapters=565
 compilation: enabled
              stopped_count=0, restarted_count=0
 full_count=0

Compilation events (20 events):
Event: 3.510 Thread 0x0000016d49b24e00 3517       3       jdk.internal.misc.Unsafe::putReferenceOpaque (9 bytes)
Event: 3.510 Thread 0x0000016d49b24e00 nmethod 3517 0x0000016d32ed7510 code [0x0000016d32ed76a0, 0x0000016d32ed77f8]
Event: 3.520 Thread 0x0000016d51646dd0 nmethod 3511 0x0000016d3a4a9990 code [0x0000016d3a4a9c20, 0x0000016d3a4aa748]
Event: 3.520 Thread 0x0000016d51646dd0 3470       4       java.util.stream.ReferencePipeline$2$1::accept (27 bytes)
Event: 3.522 Thread 0x0000016d51646dd0 nmethod 3470 0x0000016d3a4ab090 code [0x0000016d3a4ab220, 0x0000016d3a4ab2f8]
Event: 3.522 Thread 0x0000016d51646dd0 3504       4       java.util.HashMap$HashMapSpliterator::getFence (53 bytes)
Event: 3.522 Thread 0x0000016d51646dd0 nmethod 3504 0x0000016d3a4ab410 code [0x0000016d3a4ab580, 0x0000016d3a4ab638]
Event: 3.522 Thread 0x0000016d51646dd0 3503       4       java.util.HashMap$KeySpliterator::characteristics (30 bytes)
Event: 3.523 Thread 0x0000016d51646dd0 nmethod 3503 0x0000016d3a4ab710 code [0x0000016d3a4ab880, 0x0000016d3a4ab918]
Event: 3.547 Thread 0x0000016d51646dd0 3518       4       java.lang.Thread::interrupted (23 bytes)
Event: 3.547 Thread 0x0000016d51646dd0 nmethod 3518 0x0000016d3a4aba10 code [0x0000016d3a4abb80, 0x0000016d3a4abc18]
Event: 3.554 Thread 0x0000016d51646dd0 3519       4       java.lang.ClassLoader::loadClass (7 bytes)
Event: 3.554 Thread 0x0000016d51646dd0 nmethod 3519 0x0000016d3a4abd10 code [0x0000016d3a4abe80, 0x0000016d3a4abf18]
Event: 3.555 Thread 0x0000016d51646dd0 3520   !   4       java.security.AccessController::doPrivileged (26 bytes)
Event: 3.559 Thread 0x0000016d49b24e00 3521       3       java.lang.ClassLoader::getClassLoadingLock (35 bytes)
Event: 3.559 Thread 0x0000016d49b24e00 nmethod 3521 0x0000016d32ed7890 code [0x0000016d32ed7a40, 0x0000016d32ed7d28]
Event: 3.562 Thread 0x0000016d49b24e00 3522       3       java.util.concurrent.locks.AbstractQueuedSynchronizer$ConditionObject::canReacquire (28 bytes)
Event: 3.562 Thread 0x0000016d49b24e00 nmethod 3522 0x0000016d32ed7e90 code [0x0000016d32ed8040, 0x0000016d32ed8398]
Event: 3.573 Thread 0x0000016d49b24e00 3523       3       jdk.internal.loader.Resource::getByteBuffer (24 bytes)
Event: 3.574 Thread 0x0000016d49b24e00 nmethod 3523 0x0000016d32ed8510 code [0x0000016d32ed8700, 0x0000016d32ed8dd8]

GC Heap History (16 events):
Event: 0.597 GC heap before
{Heap before GC invocations=0 (full 0):
 garbage-first heap   total 260096K, used 26624K [0x0000000080000000, 0x0000000100000000)
  region size 1024K, 23 young (23552K), 0 survivors (0K)
 Metaspace       used 10507K, committed 10624K, reserved 1114112K
  class space    used 1089K, committed 1152K, reserved 1048576K
}
Event: 0.600 GC heap after
{Heap after GC invocations=1 (full 0):
 garbage-first heap   total 260096K, used 10454K [0x0000000080000000, 0x0000000100000000)
  region size 1024K, 3 young (3072K), 3 survivors (3072K)
 Metaspace       used 10507K, committed 10624K, reserved 1114112K
  class space    used 1089K, committed 1152K, reserved 1048576K
}
Event: 0.855 GC heap before
{Heap before GC invocations=1 (full 0):
 garbage-first heap   total 260096K, used 39126K [0x0000000080000000, 0x0000000100000000)
  region size 1024K, 31 young (31744K), 3 survivors (3072K)
 Metaspace       used 11495K, committed 11648K, reserved 1114112K
  class space    used 1197K, committed 1280K, reserved 1048576K
}
Event: 0.857 GC heap after
{Heap after GC invocations=2 (full 0):
 garbage-first heap   total 260096K, used 12536K [0x0000000080000000, 0x0000000100000000)
  region size 1024K, 2 young (2048K), 2 survivors (2048K)
 Metaspace       used 11495K, committed 11648K, reserved 1114112K
  class space    used 1197K, committed 1280K, reserved 1048576K
}
Event: 1.512 GC heap before
{Heap before GC invocations=2 (full 0):
 garbage-first heap   total 260096K, used 59640K [0x0000000080000000, 0x0000000100000000)
  region size 1024K, 48 young (49152K), 2 survivors (2048K)
 Metaspace       used 21335K, committed 21504K, reserved 1114112K
  class space    used 2523K, committed 2624K, reserved 1048576K
}
Event: 1.517 GC heap after
{Heap after GC invocations=3 (full 0):
 garbage-first heap   total 260096K, used 19515K [0x0000000080000000, 0x0000000100000000)
  region size 1024K, 9 young (9216K), 9 survivors (9216K)
 Metaspace       used 21335K, committed 21504K, reserved 1114112K
  class space    used 2523K, committed 2624K, reserved 1048576K
}
Event: 2.058 GC heap before
{Heap before GC invocations=4 (full 0):
 garbage-first heap   total 71680K, used 53307K [0x0000000080000000, 0x0000000100000000)
  region size 1024K, 42 young (43008K), 9 survivors (9216K)
 Metaspace       used 26554K, committed 26816K, reserved 1114112K
  class space    used 3420K, committed 3520K, reserved 1048576K
}
Event: 2.062 GC heap after
{Heap after GC invocations=5 (full 0):
 garbage-first heap   total 71680K, used 21542K [0x0000000080000000, 0x0000000100000000)
  region size 1024K, 2 young (2048K), 2 survivors (2048K)
 Metaspace       used 26554K, committed 26816K, reserved 1114112K
  class space    used 3420K, committed 3520K, reserved 1048576K
}
Event: 2.410 GC heap before
{Heap before GC invocations=5 (full 0):
 garbage-first heap   total 71680K, used 50214K [0x0000000080000000, 0x0000000100000000)
  region size 1024K, 31 young (31744K), 2 survivors (2048K)
 Metaspace       used 30651K, committed 30912K, reserved 1114112K
  class space    used 4081K, committed 4224K, reserved 1048576K
}
Event: 2.413 GC heap after
{Heap after GC invocations=6 (full 0):
 garbage-first heap   total 71680K, used 22947K [0x0000000080000000, 0x0000000100000000)
  region size 1024K, 4 young (4096K), 4 survivors (4096K)
 Metaspace       used 30651K, committed 30912K, reserved 1114112K
  class space    used 4081K, committed 4224K, reserved 1048576K
}
Event: 2.756 GC heap before
{Heap before GC invocations=6 (full 0):
 garbage-first heap   total 71680K, used 51619K [0x0000000080000000, 0x0000000100000000)
  region size 1024K, 32 young (32768K), 4 survivors (4096K)
 Metaspace       used 34112K, committed 34432K, reserved 1114112K
  class space    used 4656K, committed 4800K, reserved 1048576K
}
Event: 2.759 GC heap after
{Heap after GC invocations=7 (full 0):
 garbage-first heap   total 71680K, used 24346K [0x0000000080000000, 0x0000000100000000)
  region size 1024K, 3 young (3072K), 3 survivors (3072K)
 Metaspace       used 34112K, committed 34432K, reserved 1114112K
  class space    used 4656K, committed 4800K, reserved 1048576K
}
Event: 2.853 GC heap before
{Heap before GC invocations=7 (full 0):
 garbage-first heap   total 71680K, used 31514K [0x0000000080000000, 0x0000000100000000)
  region size 1024K, 12 young (12288K), 3 survivors (3072K)
 Metaspace       used 35597K, committed 35968K, reserved 1114112K
  class space    used 4852K, committed 5056K, reserved 1048576K
}
Event: 2.856 GC heap after
{Heap after GC invocations=8 (full 0):
 garbage-first heap   total 71680K, used 24717K [0x0000000080000000, 0x0000000100000000)
  region size 1024K, 2 young (2048K), 2 survivors (2048K)
 Metaspace       used 35597K, committed 35968K, reserved 1114112K
  class space    used 4852K, committed 5056K, reserved 1048576K
}
Event: 3.448 GC heap before
{Heap before GC invocations=9 (full 0):
 garbage-first heap   total 71680K, used 54413K [0x0000000080000000, 0x0000000100000000)
  region size 1024K, 32 young (32768K), 2 survivors (2048K)
 Metaspace       used 40914K, committed 41280K, reserved 1114112K
  class space    used 5421K, committed 5632K, reserved 1048576K
}
Event: 3.454 GC heap after
{Heap after GC invocations=10 (full 0):
 garbage-first heap   total 71680K, used 28952K [0x0000000080000000, 0x0000000100000000)
  region size 1024K, 4 young (4096K), 4 survivors (4096K)
 Metaspace       used 40914K, committed 41280K, reserved 1114112K
  class space    used 5421K, committed 5632K, reserved 1048576K
}

Dll operation events (3 events):
Event: 0.010 Loaded shared library D:\C_System_Driver_NO_TOUCH\Android\jbr\bin\java.dll
Event: 0.127 Loaded shared library D:\C_System_Driver_NO_TOUCH\Android\jbr\bin\zip.dll
Event: 0.348 Loaded shared library D:\C_System_Driver_NO_TOUCH\Android\jbr\bin\verify.dll

Deoptimization events (20 events):
Event: 3.394 Thread 0x0000016d50623380 Uncommon trap: trap_request=0xffffffc6 fr.pc=0x0000016d3a4725d0 relative=0x00000000000002f0
Event: 3.394 Thread 0x0000016d50623380 Uncommon trap: reason=bimorphic_or_optimized_type_check action=maybe_recompile pc=0x0000016d3a4725d0 method=java.util.stream.MatchOps$1MatchSink.accept(Ljava/lang/Object;)V @ 12 c2
Event: 3.394 Thread 0x0000016d50623380 DEOPT PACKING pc=0x0000016d3a4725d0 sp=0x0000003351f387e0
Event: 3.394 Thread 0x0000016d50623380 DEOPT UNPACKING pc=0x0000016d39d769a3 sp=0x0000003351f38788 mode 2
Event: 3.394 Thread 0x0000016d50623380 Uncommon trap: trap_request=0xffffffc6 fr.pc=0x0000016d3a4725d0 relative=0x00000000000002f0
Event: 3.394 Thread 0x0000016d50623380 Uncommon trap: reason=bimorphic_or_optimized_type_check action=maybe_recompile pc=0x0000016d3a4725d0 method=java.util.stream.MatchOps$1MatchSink.accept(Ljava/lang/Object;)V @ 12 c2
Event: 3.394 Thread 0x0000016d50623380 DEOPT PACKING pc=0x0000016d3a4725d0 sp=0x0000003351f387e0
Event: 3.394 Thread 0x0000016d50623380 DEOPT UNPACKING pc=0x0000016d39d769a3 sp=0x0000003351f38788 mode 2
Event: 3.394 Thread 0x0000016d50623380 Uncommon trap: trap_request=0xffffffc6 fr.pc=0x0000016d3a4725d0 relative=0x00000000000002f0
Event: 3.394 Thread 0x0000016d50623380 Uncommon trap: reason=bimorphic_or_optimized_type_check action=maybe_recompile pc=0x0000016d3a4725d0 method=java.util.stream.MatchOps$1MatchSink.accept(Ljava/lang/Object;)V @ 12 c2
Event: 3.394 Thread 0x0000016d50623380 DEOPT PACKING pc=0x0000016d3a4725d0 sp=0x0000003351f387e0
Event: 3.394 Thread 0x0000016d50623380 DEOPT UNPACKING pc=0x0000016d39d769a3 sp=0x0000003351f38788 mode 2
Event: 3.399 Thread 0x0000016d50623380 Uncommon trap: trap_request=0xffffff45 fr.pc=0x0000016d3a3c6d8c relative=0x00000000000000ec
Event: 3.399 Thread 0x0000016d50623380 Uncommon trap: reason=unstable_if action=reinterpret pc=0x0000016d3a3c6d8c method=java.lang.ClassLoader.getClassLoadingLock(Ljava/lang/String;)Ljava/lang/Object; @ 6 c2
Event: 3.399 Thread 0x0000016d50623380 DEOPT PACKING pc=0x0000016d3a3c6d8c sp=0x0000003351f38e20
Event: 3.399 Thread 0x0000016d50623380 DEOPT UNPACKING pc=0x0000016d39d769a3 sp=0x0000003351f38dc0 mode 2
Event: 3.476 Thread 0x0000016d50623380 Uncommon trap: trap_request=0xffffffcc fr.pc=0x0000016d3a4a5888 relative=0x0000000000000168
Event: 3.476 Thread 0x0000016d50623380 Uncommon trap: reason=intrinsic_or_type_checked_inlining action=make_not_entrant pc=0x0000016d3a4a5888 method=java.util.ArrayList$SubList.toArray([Ljava/lang/Object;)[Ljava/lang/Object; @ 58 c2
Event: 3.476 Thread 0x0000016d50623380 DEOPT PACKING pc=0x0000016d3a4a5888 sp=0x0000003351f389e0
Event: 3.476 Thread 0x0000016d50623380 DEOPT UNPACKING pc=0x0000016d39d769a3 sp=0x0000003351f38980 mode 2

Classes unloaded (0 events):
No events

Classes redefined (0 events):
No events

Internal exceptions (20 events):
Event: 2.918 Thread 0x0000016d50623380 Exception <a 'java/lang/NoSuchMethodError'{0x000000008cbb3580}: 'void java.lang.invoke.DirectMethodHandle$Holder.invokeStaticInit(java.lang.Object, java.lang.Object, java.lang.Object)'> (0x000000008cbb3580) 
thrown [s\src\hotspot\share\interpreter\linkResolver.cpp, line 771]
Event: 2.919 Thread 0x0000016d50623380 Exception <a 'java/lang/NoSuchMethodError'{0x000000008cbbaa20}: 'void java.lang.invoke.DirectMethodHandle$Holder.invokeStaticInit(java.lang.Object, java.lang.Object, java.lang.Object, java.lang.Object)'> (0x000000008cbbaa20) 
thrown [s\src\hotspot\share\interpreter\linkResolver.cpp, line 771]
Event: 2.921 Thread 0x0000016d50623380 Exception <a 'java/lang/NoSuchMethodError'{0x000000008cbdcc60}: 'void java.lang.invoke.DirectMethodHandle$Holder.invokeStaticInit(java.lang.Object, java.lang.Object, java.lang.Object, java.lang.Object, java.lang.Object)'> (0x000000008cbdcc60) 
thrown [s\src\hotspot\share\interpreter\linkResolver.cpp, line 771]
Event: 2.921 Thread 0x0000016d50623380 Exception <a 'java/lang/NoSuchMethodError'{0x000000008cbe4a28}: 'int java.lang.invoke.DirectMethodHandle$Holder.invokeStaticInit(java.lang.Object, java.lang.Object, java.lang.Object)'> (0x000000008cbe4a28) 
thrown [s\src\hotspot\share\interpreter\linkResolver.cpp, line 771]
Event: 2.928 Thread 0x0000016d50623380 Exception <a 'java/lang/NoSuchMethodError'{0x000000008ca3b4c8}: 'int java.lang.invoke.DirectMethodHandle$Holder.invokeStaticInit(java.lang.Object, java.lang.Object, java.lang.Object, java.lang.Object)'> (0x000000008ca3b4c8) 
thrown [s\src\hotspot\share\interpreter\linkResolver.cpp, line 771]
Event: 3.224 Thread 0x0000016d50623380 Exception <a 'java/lang/ClassNotFoundException'{0x00000000836ae830}: groovy/lang/ExpandoMetaClassBeanInfo> (0x00000000836ae830) 
thrown [s\src\hotspot\share\classfile\systemDictionary.cpp, line 256]
Event: 3.225 Thread 0x0000016d50623380 Exception <a 'java/lang/ClassNotFoundException'{0x00000000836c5378}: groovy/lang/MetaClassImplBeanInfo> (0x00000000836c5378) 
thrown [s\src\hotspot\share\classfile\systemDictionary.cpp, line 256]
Event: 3.229 Thread 0x0000016d50623380 Exception <a 'java/lang/ClassNotFoundException'{0x00000000836ca420}: java/lang/ObjectBeanInfo> (0x00000000836ca420) 
thrown [s\src\hotspot\share\classfile\systemDictionary.cpp, line 256]
Event: 3.230 Thread 0x0000016d50623380 Exception <a 'java/lang/ClassNotFoundException'{0x00000000836d0700}: java/lang/ObjectCustomizer> (0x00000000836d0700) 
thrown [s\src\hotspot\share\classfile\systemDictionary.cpp, line 256]
Event: 3.235 Thread 0x0000016d50623380 Exception <a 'java/lang/IncompatibleClassChangeError'{0x00000000836e0130}: Found class java.lang.Object, but interface was expected> (0x00000000836e0130) 
thrown [s\src\hotspot\share\interpreter\linkResolver.cpp, line 838]
Event: 3.239 Thread 0x0000016d50623380 Exception <a 'java/lang/ClassNotFoundException'{0x0000000083506128}: groovy/lang/MetaClassImplCustomizer> (0x0000000083506128) 
thrown [s\src\hotspot\share\classfile\systemDictionary.cpp, line 256]
Event: 3.243 Thread 0x0000016d50623380 Exception <a 'java/lang/ClassNotFoundException'{0x000000008353c310}: groovy/lang/ExpandoMetaClassCustomizer> (0x000000008353c310) 
thrown [s\src\hotspot\share\classfile\systemDictionary.cpp, line 256]
Event: 3.494 Thread 0x0000016d50623380 Exception <a 'java/lang/ClassNotFoundException'{0x000000008c7618c0}: org/gradle/internal/extensibility/DefaultExtraPropertiesExtensionBeanInfo> (0x000000008c7618c0) 
thrown [s\src\hotspot\share\classfile\systemDictionary.cpp, line 256]
Event: 3.495 Thread 0x0000016d50623380 Exception <a 'java/lang/ClassNotFoundException'{0x000000008c7786a8}: groovy/lang/GroovyObjectSupportBeanInfo> (0x000000008c7786a8) 
thrown [s\src\hotspot\share\classfile\systemDictionary.cpp, line 256]
Event: 3.495 Thread 0x0000016d50623380 Exception <a 'java/lang/ClassNotFoundException'{0x000000008c78f258}: groovy/lang/GroovyObjectSupportCustomizer> (0x000000008c78f258) 
thrown [s\src\hotspot\share\classfile\systemDictionary.cpp, line 256]
Event: 3.497 Thread 0x0000016d50623380 Exception <a 'java/lang/ClassNotFoundException'{0x000000008c7a8878}: org/gradle/internal/extensibility/DefaultExtraPropertiesExtensionCustomizer> (0x000000008c7a8878) 
thrown [s\src\hotspot\share\classfile\systemDictionary.cpp, line 256]
Event: 3.511 Thread 0x0000016d50623380 Exception <a 'sun/nio/fs/WindowsException'{0x000000008c7efca8}> (0x000000008c7efca8) 
thrown [s\src\hotspot\share\prims\jni.cpp, line 517]
Event: 3.531 Thread 0x0000016d50623380 Exception <a 'sun/nio/fs/WindowsException'{0x000000008c7f1278}> (0x000000008c7f1278) 
thrown [s\src\hotspot\share\prims\jni.cpp, line 517]
Event: 3.542 Thread 0x0000016d50623380 Exception <a 'sun/nio/fs/WindowsException'{0x000000008c7f2800}> (0x000000008c7f2800) 
thrown [s\src\hotspot\share\prims\jni.cpp, line 517]
Event: 3.544 Thread 0x0000016d50623380 Exception <a 'sun/nio/fs/WindowsException'{0x000000008c7f3db8}> (0x000000008c7f3db8) 
thrown [s\src\hotspot\share\prims\jni.cpp, line 517]

VM Operations (20 events):
Event: 2.892 Executing VM operation: HandshakeAllThreads
Event: 2.892 Executing VM operation: HandshakeAllThreads done
Event: 3.139 Executing VM operation: HandshakeAllThreads
Event: 3.139 Executing VM operation: HandshakeAllThreads done
Event: 3.319 Executing VM operation: HandshakeAllThreads
Event: 3.319 Executing VM operation: HandshakeAllThreads done
Event: 3.320 Executing VM operation: HandshakeAllThreads
Event: 3.320 Executing VM operation: HandshakeAllThreads done
Event: 3.325 Executing VM operation: HandshakeAllThreads
Event: 3.325 Executing VM operation: HandshakeAllThreads done
Event: 3.335 Executing VM operation: HandshakeAllThreads
Event: 3.335 Executing VM operation: HandshakeAllThreads done
Event: 3.345 Executing VM operation: HandshakeAllThreads
Event: 3.345 Executing VM operation: HandshakeAllThreads done
Event: 3.410 Executing VM operation: HandshakeAllThreads
Event: 3.410 Executing VM operation: HandshakeAllThreads done
Event: 3.439 Executing VM operation: ICBufferFull
Event: 3.439 Executing VM operation: ICBufferFull done
Event: 3.448 Executing VM operation: G1CollectForAllocation
Event: 3.462 Executing VM operation: G1CollectForAllocation done

Events (20 events):
Event: 3.411 loading class jdk/internal/jrtfs/JrtDirectoryStream
Event: 3.411 loading class jdk/internal/jrtfs/JrtDirectoryStream done
Event: 3.412 loading class jdk/internal/jrtfs/JrtDirectoryStream$1
Event: 3.412 loading class jdk/internal/jrtfs/JrtDirectoryStream$1 done
Event: 3.412 loading class java/util/function/BooleanSupplier
Event: 3.412 loading class java/util/function/BooleanSupplier done
Event: 3.412 loading class jdk/internal/jimage/ImageReader$Resource
Event: 3.413 loading class jdk/internal/jimage/ImageReader$Resource done
Event: 3.490 loading class java/util/WeakHashMap$KeyIterator
Event: 3.490 loading class java/util/WeakHashMap$HashIterator
Event: 3.490 loading class java/util/WeakHashMap$HashIterator done
Event: 3.490 loading class java/util/WeakHashMap$KeyIterator done
Event: 3.510 loading class sun/nio/fs/WindowsPath$1
Event: 3.510 loading class sun/nio/fs/WindowsPath$1 done
Event: 3.511 loading class sun/nio/fs/WindowsException
Event: 3.511 loading class sun/nio/fs/WindowsException done
Event: 3.566 loading class java/util/regex/Pattern$Pos
Event: 3.566 loading class java/util/regex/Pattern$Pos done
Event: 3.580 loading class java/io/StringReader
Event: 3.581 loading class java/io/StringReader done


Dynamic libraries:
0x00007ff779000000 - 0x00007ff77900a000 	D:\C_System_Driver_NO_TOUCH\Android\jbr\bin\java.exe
0x00007ffaa5050000 - 0x00007ffaa5248000 	C:\WINDOWS\SYSTEM32\ntdll.dll
0x00007ffaa3150000 - 0x00007ffaa3211000 	C:\WINDOWS\System32\KERNEL32.DLL
0x00007ffaa2c80000 - 0x00007ffaa2f7d000 	C:\WINDOWS\System32\KERNELBASE.dll
0x00007ffaa27b0000 - 0x00007ffaa28b0000 	C:\WINDOWS\System32\ucrtbase.dll
0x00007ffa8e070000 - 0x00007ffa8e087000 	D:\C_System_Driver_NO_TOUCH\Android\jbr\bin\jli.dll
0x00007ffa7ca40000 - 0x00007ffa7ca5b000 	D:\C_System_Driver_NO_TOUCH\Android\jbr\bin\VCRUNTIME140.dll
0x00007ffaa40b0000 - 0x00007ffaa424d000 	C:\WINDOWS\System32\USER32.dll
0x00007ffa92e40000 - 0x00007ffa930da000 	C:\WINDOWS\WinSxS\amd64_microsoft.windows.common-controls_6595b64144ccf1df_6.0.19041.4355_none_60b8b9eb71f62e16\COMCTL32.dll
0x00007ffaa2fb0000 - 0x00007ffaa2fd2000 	C:\WINDOWS\System32\win32u.dll
0x00007ffaa3e10000 - 0x00007ffaa3eae000 	C:\WINDOWS\System32\msvcrt.dll
0x00007ffaa3080000 - 0x00007ffaa30ab000 	C:\WINDOWS\System32\GDI32.dll
0x00007ffaa2aa0000 - 0x00007ffaa2bb7000 	C:\WINDOWS\System32\gdi32full.dll
0x00007ffaa2fe0000 - 0x00007ffaa307d000 	C:\WINDOWS\System32\msvcp_win.dll
0x00007ffaa4080000 - 0x00007ffaa40af000 	C:\WINDOWS\System32\IMM32.DLL
0x00007ffa871b0000 - 0x00007ffa871bc000 	D:\C_System_Driver_NO_TOUCH\Android\jbr\bin\vcruntime140_1.dll
0x00007ffa6bf30000 - 0x00007ffa6bfbd000 	D:\C_System_Driver_NO_TOUCH\Android\jbr\bin\msvcp140.dll
0x00007ffa3c1d0000 - 0x00007ffa3ce53000 	D:\C_System_Driver_NO_TOUCH\Android\jbr\bin\server\jvm.dll
0x00007ffaa4c00000 - 0x00007ffaa4cb0000 	C:\WINDOWS\System32\ADVAPI32.dll
0x00007ffaa30b0000 - 0x00007ffaa3150000 	C:\WINDOWS\System32\sechost.dll
0x00007ffaa37e0000 - 0x00007ffaa3903000 	C:\WINDOWS\System32\RPCRT4.dll
0x00007ffaa2f80000 - 0x00007ffaa2fa7000 	C:\WINDOWS\System32\bcrypt.dll
0x00007ffaa1c30000 - 0x00007ffaa1c7b000 	C:\WINDOWS\SYSTEM32\POWRPROF.dll
0x00007ffa9c400000 - 0x00007ffa9c40a000 	C:\WINDOWS\SYSTEM32\VERSION.dll
0x00007ffa9f910000 - 0x00007ffa9f919000 	C:\WINDOWS\SYSTEM32\WSOCK32.dll
0x00007ffaa4260000 - 0x00007ffaa42cb000 	C:\WINDOWS\System32\WS2_32.dll
0x00007ffa998f0000 - 0x00007ffa99917000 	C:\WINDOWS\SYSTEM32\WINMM.dll
0x00007ffaa1af0000 - 0x00007ffaa1b02000 	C:\WINDOWS\SYSTEM32\UMPDC.dll
0x00007ffaa04c0000 - 0x00007ffaa04d2000 	C:\WINDOWS\SYSTEM32\kernel.appcore.dll
0x00007ffa9f7f0000 - 0x00007ffa9f7fa000 	D:\C_System_Driver_NO_TOUCH\Android\jbr\bin\jimage.dll
0x00007ffa88c90000 - 0x00007ffa88e74000 	C:\WINDOWS\SYSTEM32\DBGHELP.DLL
0x00007ffa889d0000 - 0x00007ffa88a04000 	C:\WINDOWS\SYSTEM32\dbgcore.DLL
0x00007ffaa2a10000 - 0x00007ffaa2a92000 	C:\WINDOWS\System32\bcryptPrimitives.dll
0x00007ffa9e170000 - 0x00007ffa9e17e000 	D:\C_System_Driver_NO_TOUCH\Android\jbr\bin\instrument.dll
0x00007ffa8dc90000 - 0x00007ffa8dcb5000 	D:\C_System_Driver_NO_TOUCH\Android\jbr\bin\java.dll
0x00007ffa9f5b0000 - 0x00007ffa9f5c8000 	D:\C_System_Driver_NO_TOUCH\Android\jbr\bin\zip.dll
0x00007ffaa42d0000 - 0x00007ffaa4a3f000 	C:\WINDOWS\System32\SHELL32.dll
0x00007ffaa07a0000 - 0x00007ffaa0f3f000 	C:\WINDOWS\SYSTEM32\windows.storage.dll
0x00007ffaa4cb0000 - 0x00007ffaa5003000 	C:\WINDOWS\System32\combase.dll
0x00007ffaa2120000 - 0x00007ffaa214e000 	C:\WINDOWS\SYSTEM32\Wldp.dll
0x00007ffaa4b20000 - 0x00007ffaa4bed000 	C:\WINDOWS\System32\OLEAUT32.dll
0x00007ffaa3650000 - 0x00007ffaa36fd000 	C:\WINDOWS\System32\SHCORE.dll
0x00007ffaa3fc0000 - 0x00007ffaa4015000 	C:\WINDOWS\System32\shlwapi.dll
0x00007ffaa2630000 - 0x00007ffaa2654000 	C:\WINDOWS\SYSTEM32\profapi.dll
0x00007ffa9e1a0000 - 0x00007ffa9e1b9000 	D:\C_System_Driver_NO_TOUCH\Android\jbr\bin\net.dll
0x00007ffa9b4e0000 - 0x00007ffa9b5ed000 	C:\WINDOWS\SYSTEM32\WINHTTP.dll
0x0000000180000000 - 0x000000018008c000 	C:\WINDOWS\system32\ASProxy64.dll
0x00007ffaa3510000 - 0x00007ffaa363b000 	C:\WINDOWS\System32\ole32.dll
0x00007ffaa1e80000 - 0x00007ffaa1eea000 	C:\WINDOWS\SYSTEM32\MSWSOCK.dll
0x00007ffaa1b10000 - 0x00007ffaa1b4b000 	C:\WINDOWS\SYSTEM32\IPHLPAPI.DLL
0x00007ffaa25d0000 - 0x00007ffaa2602000 	C:\WINDOWS\SYSTEM32\SspiCli.dll
0x00007ffaa00b0000 - 0x00007ffaa014e000 	C:\WINDOWS\system32\uxtheme.dll
0x00007ffaa3f10000 - 0x00007ffaa3fb9000 	C:\WINDOWS\System32\clbcatq.dll
0x00007ffaa24f0000 - 0x00007ffaa2592000 	C:\WINDOWS\SYSTEM32\sxs.dll
0x00007ffa9c410000 - 0x00007ffa9c426000 	D:\C_System_Driver_NO_TOUCH\Android\jbr\bin\nio.dll
0x00007ffa9f140000 - 0x00007ffa9f150000 	D:\C_System_Driver_NO_TOUCH\Android\jbr\bin\verify.dll
0x00007ffa8cea0000 - 0x00007ffa8cec7000 	C:\Users\Max Dev\.gradle\native\c067742578af261105cb4f569cf0c3c89f3d7b1fecec35dd04571415982c5e48\windows-amd64\native-platform.dll
0x00007ffa68f00000 - 0x00007ffa69044000 	C:\Users\Max Dev\.gradle\native\38dada09dfb8b06ba9b0570ebf7e218e3eb74d4ef43ca46872605cf95ebc2f47\windows-amd64\native-platform-file-events.dll
0x00007ffa9f580000 - 0x00007ffa9f589000 	D:\C_System_Driver_NO_TOUCH\Android\jbr\bin\management.dll
0x00007ffa9f550000 - 0x00007ffa9f55b000 	D:\C_System_Driver_NO_TOUCH\Android\jbr\bin\management_ext.dll
0x00007ffaa4250000 - 0x00007ffaa4258000 	C:\WINDOWS\System32\PSAPI.DLL
0x00007ffaa2080000 - 0x00007ffaa2098000 	C:\WINDOWS\SYSTEM32\CRYPTSP.dll
0x00007ffaa16d0000 - 0x00007ffaa1704000 	C:\WINDOWS\system32\rsaenh.dll
0x00007ffaa25a0000 - 0x00007ffaa25ce000 	C:\WINDOWS\SYSTEM32\USERENV.dll
0x00007ffaa2070000 - 0x00007ffaa207c000 	C:\WINDOWS\SYSTEM32\CRYPTBASE.dll
0x00007ffaa4bf0000 - 0x00007ffaa4bf8000 	C:\WINDOWS\System32\NSI.dll
0x00007ffa9c190000 - 0x00007ffa9c1a7000 	C:\WINDOWS\SYSTEM32\dhcpcsvc6.DLL
0x00007ffa9c840000 - 0x00007ffa9c85d000 	C:\WINDOWS\SYSTEM32\dhcpcsvc.DLL
0x00007ffaa1b50000 - 0x00007ffaa1c1a000 	C:\WINDOWS\SYSTEM32\DNSAPI.dll
0x00007ffa9f700000 - 0x00007ffa9f707000 	C:\WINDOWS\system32\wshunix.dll

dbghelp: loaded successfully - version: 4.0.5 - missing functions: none
symbol engine: initialized successfully - sym options: 0x614 - pdb path: .;D:\C_System_Driver_NO_TOUCH\Android\jbr\bin;C:\WINDOWS\SYSTEM32;C:\WINDOWS\WinSxS\amd64_microsoft.windows.common-controls_6595b64144ccf1df_6.0.19041.4355_none_60b8b9eb71f62e16;D:\C_System_Driver_NO_TOUCH\Android\jbr\bin\server;C:\Users\Max Dev\.gradle\native\c067742578af261105cb4f569cf0c3c89f3d7b1fecec35dd04571415982c5e48\windows-amd64;C:\Users\Max Dev\.gradle\native\38dada09dfb8b06ba9b0570ebf7e218e3eb74d4ef43ca46872605cf95ebc2f47\windows-amd64

VM Arguments:
jvm_args: --add-opens=java.base/java.util=ALL-UNNAMED --add-opens=java.base/java.lang=ALL-UNNAMED --add-opens=java.base/java.lang.invoke=ALL-UNNAMED --add-opens=java.prefs/java.util.prefs=ALL-UNNAMED --add-opens=java.base/java.nio.charset=ALL-UNNAMED --add-opens=java.base/java.net=ALL-UNNAMED --add-opens=java.base/java.util.concurrent.atomic=ALL-UNNAMED -Xmx2048m -Dfile.encoding=UTF-8 -Duser.country=US -Duser.language=en -Duser.variant -javaagent:C:\Users\Max Dev\.gradle\wrapper\dists\gradle-8.4-bin\1w5dpkrfk8irigvoxmyhowfim\gradle-8.4\lib\agents\gradle-instrumentation-agent-8.4.jar 
java_command: org.gradle.launcher.daemon.bootstrap.GradleDaemon 8.4
java_class_path (initial): C:\Users\Max Dev\.gradle\wrapper\dists\gradle-8.4-bin\1w5dpkrfk8irigvoxmyhowfim\gradle-8.4\lib\gradle-launcher-8.4.jar
Launcher Type: SUN_STANDARD

[Global flags]
     intx CICompilerCount                          = 4                                         {product} {ergonomic}
     uint ConcGCThreads                            = 2                                         {product} {ergonomic}
     uint G1ConcRefinementThreads                  = 8                                         {product} {ergonomic}
   size_t G1HeapRegionSize                         = 1048576                                   {product} {ergonomic}
    uintx GCDrainStackTargetSize                   = 64                                        {product} {ergonomic}
   size_t InitialHeapSize                          = 266338304                                 {product} {ergonomic}
   size_t MarkStackSize                            = 4194304                                   {product} {ergonomic}
   size_t MaxHeapSize                              = 2147483648                                {product} {command line}
   size_t MaxNewSize                               = 1287651328                                {product} {ergonomic}
   size_t MinHeapDeltaBytes                        = 1048576                                   {product} {ergonomic}
   size_t MinHeapSize                              = 8388608                                   {product} {ergonomic}
    uintx NonNMethodCodeHeapSize                   = 5839372                                {pd product} {ergonomic}
    uintx NonProfiledCodeHeapSize                  = 122909434                              {pd product} {ergonomic}
    uintx ProfiledCodeHeapSize                     = 122909434                              {pd product} {ergonomic}
    uintx ReservedCodeCacheSize                    = 251658240                              {pd product} {ergonomic}
     bool SegmentedCodeCache                       = true                                      {product} {ergonomic}
   size_t SoftMaxHeapSize                          = 2147483648                             {manageable} {ergonomic}
     bool UseCompressedClassPointers               = true                           {product lp64_product} {ergonomic}
     bool UseCompressedOops                        = true                           {product lp64_product} {ergonomic}
     bool UseG1GC                                  = true                                      {product} {ergonomic}
     bool UseLargePagesIndividualAllocation        = false                                  {pd product} {ergonomic}

Logging:
Log output configuration:
 #0: stdout all=warning uptime,level,tags
 #1: stderr all=off uptime,level,tags

Environment Variables:
PATH=C:\Program Files (x86)\BigAntSoft\IM Console\im_webserver\php;C:\Program Files (x86)\BigAntSoft\IM Console\im_webserver\php;C:\Program Files (x86)\BigAntSoft\IM Console\im_webserver\php;C:\WINDOWS\system32;C:\WINDOWS;C:\WINDOWS\System32\Wbem;C:\WINDOWS\System32\WindowsPowerShell\v1.0\;C:\WINDOWS\System32\OpenSSH\;D:\xampp;D:\xampp\php;C:\Users\Max Dev\AppData\Roaming\nvm;C:\Program Files\nodejs;C:\Users\Max Dev\AppData\Roaming\nvm;C:\Program Files\Microsoft SQL Server\130\Tools\Binn\;C:\Program Files\Git\cmd;C:\Program Files\nodejs\;C:\ProgramData\chocolatey\bin;C:\Program Files\MongoDB\Server\7.0\bin;C:\Users\Max Dev\AppData\Local\Microsoft\WindowsApps;C:\Users\Max Dev\AppData\Local\Programs\Microsoft VS Code\bin;C:\Users\Max Dev\AppData\Roaming\npm;C:\Program Files (x86)\Bitvise SSH Client;D:\System;C:\Users\Max Dev\AppData\Local\Microsoft\WindowsApps;C:\Users\Max Dev\AppData\Local\Programs\Microsoft VS Code\bin;C:\Users\Max Dev\AppData\Roaming\nvm;C:\Program Files\nodejs;C:\Users\Max Dev\AppData\Roaming\npm;C:\Users\Max Dev\AppData\Roaming\Programs\Zero Install;C:\Users\Max Dev\AppData\Roaming\Composer\vendor\bin
USERNAME=Max Dev
OS=Windows_NT
PROCESSOR_IDENTIFIER=Intel64 Family 6 Model 158 Stepping 13, GenuineIntel
TMP=C:\Users\MAXDEV~1\AppData\Local\Temp
TEMP=C:\Users\MAXDEV~1\AppData\Local\Temp



Periodic native trim disabled

JNI global refs:
JNI global refs: 24, weak refs: 0

JNI global refs memory usage: 843, weak refs: 841

OOME stack traces (most recent first):
Classloader memory used:
Loader org.gradle.internal.classloader.VisitableURLClassLoader                         : 2404K
Loader bootstrap                                                                       : 2263K
Loader org.gradle.initialization.MixInLegacyTypesClassLoader                           : 440K
Loader jdk.internal.loader.ClassLoaders$PlatformClassLoader                            : 65606B
Loader jdk.internal.loader.ClassLoaders$AppClassLoader                                 : 28453B
Loader jdk.internal.reflect.DelegatingClassLoader                                      : 3865B

Classes loaded by more than one classloader:
Class org.gradle.internal.installation.GradleInstallation                             : loaded 2 times (x 73B)
Class org.gradle.internal.classpath.ClassPath                                         : loaded 2 times (x 68B)
Class org.gradle.api.internal.classpath.DefaultModuleRegistry                         : loaded 2 times (x 84B)
Class org.gradle.api.Action                                                           : loaded 2 times (x 68B)
Class org.gradle.api.internal.DefaultClassPathProvider                                : loaded 2 times (x 74B)
Class org.gradle.internal.installation.GradleInstallation$1                           : loaded 2 times (x 73B)
Class org.gradle.internal.classloader.FilteringClassLoader                            : loaded 2 times (x 103B)
Class org.gradle.internal.classpath.DefaultClassPath$ImmutableUniqueList$Builder      : loaded 2 times (x 73B)
Class org.gradle.internal.classloader.ClassLoaderVisitor                              : loaded 2 times (x 74B)
Class org.gradle.internal.service.DefaultServiceLocator                               : loaded 2 times (x 81B)
Class org.gradle.internal.service.UnknownServiceException                             : loaded 2 times (x 81B)
Class org.gradle.internal.classloader.DefaultClassLoaderFactory                       : loaded 2 times (x 80B)
Class org.gradle.internal.classloader.VisitableURLClassLoader$Spec                    : loaded 2 times (x 72B)
Class org.gradle.api.GradleException                                                  : loaded 2 times (x 80B)
Class org.gradle.api.internal.classpath.ModuleRegistry                                : loaded 2 times (x 68B)
Class org.gradle.api.internal.ClassPathProvider                                       : loaded 2 times (x 68B)
Class org.gradle.internal.classloader.ClasspathUtil$1                                 : loaded 2 times (x 74B)
Class org.gradle.internal.classloader.ClassLoaderFactory                              : loaded 2 times (x 68B)
Class org.gradle.api.internal.classpath.ManifestUtil                                  : loaded 2 times (x 69B)
Class org.gradle.api.specs.Spec                                                       : loaded 2 times (x 68B)
Class org.gradle.internal.IoActions                                                   : loaded 2 times (x 69B)
Class org.gradle.api.internal.classpath.EffectiveClassPath                            : loaded 2 times (x 88B)
Class org.gradle.internal.installation.CurrentGradleInstallation                      : loaded 2 times (x 71B)
Class org.gradle.internal.agents.InstrumentingClassLoader                             : loaded 2 times (x 68B)
Class org.gradle.internal.installation.CurrentGradleInstallationLocator               : loaded 2 times (x 69B)
Class org.gradle.api.internal.classpath.Module                                        : loaded 2 times (x 68B)
Class org.gradle.internal.service.CachingServiceLocator                               : loaded 2 times (x 80B)
Class org.gradle.internal.classpath.DefaultClassPath                                  : loaded 2 times (x 88B)
Class org.gradle.internal.classloader.SystemClassLoaderSpec                           : loaded 2 times (x 69B)
Class org.gradle.api.UncheckedIOException                                             : loaded 2 times (x 80B)
Class org.gradle.internal.classloader.ClasspathUtil                                   : loaded 2 times (x 69B)
Class org.gradle.api.internal.DefaultClassPathRegistry                                : loaded 2 times (x 74B)
Class org.gradle.api.internal.classpath.DefaultModuleRegistry$DefaultModule           : loaded 2 times (x 84B)
Class org.gradle.api.internal.classpath.UnknownModuleException                        : loaded 2 times (x 80B)
Class org.gradle.internal.service.ServiceLookupException                              : loaded 2 times (x 80B)
Class org.gradle.cache.GlobalCache                                                    : loaded 2 times (x 68B)
Class [Lorg.gradle.api.internal.ClassPathProvider;                                    : loaded 2 times (x 67B)
Class org.gradle.util.internal.GUtil                                                  : loaded 2 times (x 69B)
Class org.gradle.internal.classloader.ClassLoaderSpec                                 : loaded 2 times (x 69B)
Class org.gradle.internal.classloader.VisitableURLClassLoader                         : loaded 2 times (x 115B)
Class org.gradle.internal.Cast                                                        : loaded 2 times (x 69B)
Class org.gradle.api.internal.ClassPathRegistry                                       : loaded 2 times (x 68B)
Class org.gradle.internal.classloader.VisitableURLClassLoader$InstrumentingVisitableURLClassLoader: loaded 2 times (x 121B)
Class org.gradle.internal.classloader.ClassLoaderHierarchy                            : loaded 2 times (x 68B)
Class org.gradle.internal.InternalTransformer                                         : loaded 2 times (x 68B)
Class org.gradle.internal.service.ServiceLocator                                      : loaded 2 times (x 68B)
Class org.gradle.internal.classpath.DefaultClassPath$ImmutableUniqueList              : loaded 2 times (x 159B)
Class org.gradle.internal.classpath.TransformedClassPath                              : loaded 2 times (x 94B)


---------------  S Y S T E M  ---------------

OS:
 Windows 10 , 64 bit Build 19041 (10.0.19041.4717)
OS uptime: 2 days 17:42 hours

CPU: total 8 (initial active 8) (8 cores per cpu, 1 threads per core) family 6 model 158 stepping 13 microcode 0xf0, cx8, cmov, fxsr, mmx, 3dnowpref, sse, sse2, sse3, ssse3, sse4.1, sse4.2, popcnt, lzcnt, tsc, tscinvbit, avx, avx2, aes, erms, clmul, bmi1, bmi2, adx, fma, vzeroupper, clflush, clflushopt
Processor Information for all 8 processors :
  Max Mhz: 3000, Current Mhz: 3000, Mhz Limit: 3000

Memory: 4k page, system-wide physical 16158M (3488M free)
TotalPageFile size 31300M (AvailPageFile size 4M)
current process WorkingSet (physical memory assigned to process): 222M, peak: 222M
current process commit charge ("private bytes"): 257M, peak: 400M

vm_info: OpenJDK 64-Bit Server VM (17.0.9+0--11185874) for windows-amd64 JRE (17.0.9+0--11185874), built on Dec  6 2023 18:57:44 by "androidbuild" with MS VC++ 16.10 / 16.11 (VS2019)

END.
